<?xml version="1.0" encoding="UTF-8"?>
<!-- Generated by org.testng.reporters.JUnitReportReporter -->
<testsuite hostname="SSCPLUSL030" failures="0" tests="1" name="com.qa.houpermitproject.tests.Demotest" time="2.796" errors="0" timestamp="2023-07-14T10:35:45 CDT" skipped="0">
  <testcase classname="com.qa.houpermitproject.tests.Demotest" name="setUp" time="2.796"/>
</testsuite> <!-- com.qa.houpermitproject.tests.Demotest -->
