<?xml version="1.0" encoding="UTF-8"?>
<!-- Generated by org.testng.reporters.JUnitReportReporter -->
<testsuite hostname="SSCPLUSL030" failures="0" tests="3" name="com.qa.houpermitproject.tests.LoginPage_HouPerTest" time="81.324" errors="0" timestamp="14 Jul 2023 15:50:39 GMT" skipped="0">
  <testcase classname="com.qa.houpermitproject.tests.LoginPage_HouPerTest" name="verifyLoginToHouPerSiteTest" time="23.263"/>
  <testcase classname="com.qa.houpermitproject.tests.LoginPage_HouPerTest" name="verifyLoginToHouPerSiteTest" time="29.628"/>
  <testcase classname="com.qa.houpermitproject.tests.LoginPage_HouPerTest" name="verifyLoginToHouPerSiteTest" time="28.433"/>
</testsuite> <!-- com.qa.houpermitproject.tests.LoginPage_HouPerTest -->
